# JRE version: Java(TM) SE Runtime Environment (8.0_102-b14) (build 1.8.0_102-b14)
# Java VM: Java HotSpot(TM) 64-Bit Server VM (25.102-b14 mixed mode bsd-amd64 compressed oops)
Heap:
 PSYoungGen      total 240640K, used 31695K [0x000000076ab00000, 0x000000077be00000, 0x00000007c0000000)
  eden space 221184K, 14% used [0x000000076ab00000,0x000000076c9f3e10,0x0000000778300000)
  from space 19456K, 0% used [0x000000077ab00000,0x000000077ab00000,0x000000077be00000)
  to   space 30208K, 0% used [0x0000000778300000,0x0000000778300000,0x000000077a080000)
 ParOldGen       total 180736K, used 29869K [0x00000006c0000000, 0x00000006cb080000, 0x000000076ab00000)
  object space 180736K, 16% used [0x00000006c0000000,0x00000006c1d2b688,0x00000006cb080000)
 Metaspace       used 39328K, capacity 40024K, committed 40192K, reserved 1085440K
  class space    used 4570K, capacity 4828K, committed 4864K, reserved 1048576K
GC Heap History (10 events):
Event: 4.546 GC heap before
{Heap before GC invocations=6 (full 1):
 PSYoungGen      total 106496K, used 106468K [0x000000076ab00000, 0x0000000774000000, 0x00000007c0000000)
  eden space 95744K, 100% used [0x000000076ab00000,0x0000000770880000,0x0000000770880000)
  from space 10752K, 99% used [0x0000000773580000,0x0000000773ff9368,0x0000000774000000)
  to   space 10752K, 0% used [0x0000000772b00000,0x0000000772b00000,0x0000000773580000)
 ParOldGen       total 118784K, used 14367K [0x00000006c0000000, 0x00000006c7400000, 0x000000076ab00000)
  object space 118784K, 12% used [0x00000006c0000000,0x00000006c0e07f00,0x00000006c7400000)
 Metaspace       used 22709K, capacity 23224K, committed 23344K, reserved 1069056K
  class space    used 2689K, capacity 2891K, committed 2944K, reserved 1048576K
Event: 4.569 GC heap after
Heap after GC invocations=6 (full 1):
 PSYoungGen      total 141824K, used 10726K [0x000000076ab00000, 0x0000000776400000, 0x00000007c0000000)
  eden space 131072K, 0% used [0x000000076ab00000,0x000000076ab00000,0x0000000772b00000)
  from space 10752K, 99% used [0x0000000772b00000,0x00000007735798d8,0x0000000773580000)
  to   space 19456K, 0% used [0x0000000775100000,0x0000000775100000,0x0000000776400000)
 ParOldGen       total 118784K, used 23490K [0x00000006c0000000, 0x00000006c7400000, 0x000000076ab00000)
  object space 118784K, 19% used [0x00000006c0000000,0x00000006c16f0958,0x00000006c7400000)
 Metaspace       used 22709K, capacity 23224K, committed 23344K, reserved 1069056K
  class space    used 2689K, capacity 2891K, committed 2944K, reserved 1048576K
}
Event: 5.090 GC heap before
{Heap before GC invocations=7 (full 1):
 PSYoungGen      total 141824K, used 141798K [0x000000076ab00000, 0x0000000776400000, 0x00000007c0000000)
  eden space 131072K, 100% used [0x000000076ab00000,0x0000000772b00000,0x0000000772b00000)
  from space 10752K, 99% used [0x0000000772b00000,0x00000007735798d8,0x0000000773580000)
  to   space 19456K, 0% used [0x0000000775100000,0x0000000775100000,0x0000000776400000)
 ParOldGen       total 118784K, used 23490K [0x00000006c0000000, 0x00000006c7400000, 0x000000076ab00000)
  object space 118784K, 19% used [0x00000006c0000000,0x00000006c16f0958,0x00000006c7400000)
 Metaspace       used 22721K, capacity 23226K, committed 23344K, reserved 1069056K
  class space    used 2690K, capacity 2893K, committed 2944K, reserved 1048576K
Event: 5.118 GC heap after
Heap after GC invocations=7 (full 1):
 PSYoungGen      total 162816K, used 19437K [0x000000076ab00000, 0x000000077af80000, 0x00000007c0000000)
  eden space 143360K, 0% used [0x000000076ab00000,0x000000076ab00000,0x0000000773700000)
  from space 19456K, 99% used [0x0000000775100000,0x00000007763fb4c8,0x0000000776400000)
  to   space 26624K, 0% used [0x0000000773700000,0x0000000773700000,0x0000000775100000)
 ParOldGen       total 118784K, used 31315K [0x00000006c0000000, 0x00000006c7400000, 0x000000076ab00000)
  object space 118784K, 26% used [0x00000006c0000000,0x00000006c1e94ce0,0x00000006c7400000)
 Metaspace       used 22721K, capacity 23226K, committed 23344K, reserved 1069056K
  class space    used 2690K, capacity 2893K, committed 2944K, reserved 1048576K
}
Event: 6.494 GC heap before
{Heap before GC invocations=8 (full 1):
 PSYoungGen      total 162816K, used 162797K [0x000000076ab00000, 0x000000077af80000, 0x00000007c0000000)
  eden space 143360K, 100% used [0x000000076ab00000,0x0000000773700000,0x0000000773700000)
  from space 19456K, 99% used [0x0000000775100000,0x00000007763fb4c8,0x0000000776400000)
  to   space 26624K, 0% used [0x0000000773700000,0x0000000773700000,0x0000000775100000)
 ParOldGen       total 118784K, used 31315K [0x00000006c0000000, 0x00000006c7400000, 0x000000076ab00000)
  object space 118784K, 26% used [0x00000006c0000000,0x00000006c1e94ce0,0x00000006c7400000)
 Metaspace       used 30803K, capacity 31506K, committed 31744K, reserved 1077248K
  class space    used 3746K, capacity 3977K, committed 4096K, reserved 1048576K
Event: 6.523 GC heap after
Heap after GC invocations=8 (full 1):
 PSYoungGen      total 169984K, used 26600K [0x000000076ab00000, 0x000000077ca00000, 0x00000007c0000000)
  eden space 143360K, 0% used [0x000000076ab00000,0x000000076ab00000,0x0000000773700000)
  from space 26624K, 99% used [0x0000000773700000,0x00000007750fa2d8,0x0000000775100000)
  to   space 31744K, 0% used [0x000000077ab00000,0x000000077ab00000,0x000000077ca00000)
 ParOldGen       total 118784K, used 33631K [0x00000006c0000000, 0x00000006c7400000, 0x000000076ab00000)
  object space 118784K, 28% used [0x00000006c0000000,0x00000006c20d7e30,0x00000006c7400000)
 Metaspace       used 30803K, capacity 31506K, committed 31744K, reserved 1077248K
  class space    used 3746K, capacity 3977K, committed 4096K, reserved 1048576K
}
Event: 14.870 GC heap before
{Heap before GC invocations=9 (full 1):
 PSYoungGen      total 169984K, used 74652K [0x000000076ab00000, 0x000000077ca00000, 0x00000007c0000000)
  eden space 143360K, 33% used [0x000000076ab00000,0x000000076d9ece18,0x0000000773700000)
  from space 26624K, 99% used [0x0000000773700000,0x00000007750fa2d8,0x0000000775100000)
  to   space 31744K, 0% used [0x000000077ab00000,0x000000077ab00000,0x000000077ca00000)
 ParOldGen       total 118784K, used 33631K [0x00000006c0000000, 0x00000006c7400000, 0x000000076ab00000)
  object space 118784K, 28% used [0x00000006c0000000,0x00000006c20d7e30,0x00000006c7400000)
 Metaspace       used 34605K, capacity 35278K, committed 35456K, reserved 1081344K
  class space    used 4194K, capacity 4442K, committed 4480K, reserved 1048576K
Event: 14.891 GC heap after
Heap after GC invocations=9 (full 1):
 PSYoungGen      total 240640K, used 16151K [0x000000076ab00000, 0x000000077be00000, 0x00000007c0000000)
  eden space 221184K, 0% used [0x000000076ab00000,0x000000076ab00000,0x0000000778300000)
  from space 19456K, 83% used [0x000000077ab00000,0x000000077bac5fc0,0x000000077be00000)
  to   space 30208K, 0% used [0x0000000778300000,0x0000000778300000,0x000000077a080000)
 ParOldGen       total 118784K, used 35557K [0x00000006c0000000, 0x00000006c7400000, 0x000000076ab00000)
  object space 118784K, 29% used [0x00000006c0000000,0x00000006c22b9638,0x00000006c7400000)
 Metaspace       used 34605K, capacity 35278K, committed 35456K, reserved 1081344K
  class space    used 4194K, capacity 4442K, committed 4480K, reserved 1048576K
}
Event: 14.891 GC heap before
{Heap before GC invocations=10 (full 2):
 PSYoungGen      total 240640K, used 16151K [0x000000076ab00000, 0x000000077be00000, 0x00000007c0000000)
  eden space 221184K, 0% used [0x000000076ab00000,0x000000076ab00000,0x0000000778300000)
  from space 19456K, 83% used [0x000000077ab00000,0x000000077bac5fc0,0x000000077be00000)
  to   space 30208K, 0% used [0x0000000778300000,0x0000000778300000,0x000000077a080000)
 ParOldGen       total 118784K, used 35557K [0x00000006c0000000, 0x00000006c7400000, 0x000000076ab00000)
  object space 118784K, 29% used [0x00000006c0000000,0x00000006c22b9638,0x00000006c7400000)
 Metaspace       used 34605K, capacity 35278K, committed 35456K, reserved 1081344K
  class space    used 4194K, capacity 4442K, committed 4480K, reserved 1048576K
Event: 14.973 GC heap after
Heap after GC invocations=10 (full 2):
 PSYoungGen      total 240640K, used 0K [0x000000076ab00000, 0x000000077be00000, 0x00000007c0000000)
  eden space 221184K, 0% used [0x000000076ab00000,0x000000076ab00000,0x0000000778300000)
  from space 19456K, 0% used [0x000000077ab00000,0x000000077ab00000,0x000000077be00000)
  to   space 30208K, 0% used [0x0000000778300000,0x0000000778300000,0x000000077a080000)
 ParOldGen       total 180736K, used 29869K [0x00000006c0000000, 0x00000006cb080000, 0x000000076ab00000)
  object space 180736K, 16% used [0x00000006c0000000,0x00000006c1d2b688,0x00000006cb080000)
 Metaspace       used 34605K, capacity 35278K, committed 35456K, reserved 1081344K
  class space    used 4194K, capacity 4442K, committed 4480K, reserved 1048576K
}

