# JRE version: Java(TM) SE Runtime Environment (8.0_102-b14) (build 1.8.0_102-b14)
# Java VM: Java HotSpot(TM) 64-Bit Server VM (25.102-b14 mixed mode bsd-amd64 compressed oops)
Heap:
 PSYoungGen      total 234496K, used 20352K [0x000000076ab00000, 0x000000077b600000, 0x00000007c0000000)
  eden space 215040K, 9% used [0x000000076ab00000,0x000000076bee00a0,0x0000000777d00000)
  from space 19456K, 0% used [0x000000077a300000,0x000000077a300000,0x000000077b600000)
  to   space 29184K, 0% used [0x0000000777d00000,0x0000000777d00000,0x0000000779980000)
 ParOldGen       total 186880K, used 30495K [0x00000006c0000000, 0x00000006cb680000, 0x000000076ab00000)
  object space 186880K, 16% used [0x00000006c0000000,0x00000006c1dc7e50,0x00000006cb680000)
 Metaspace       used 38120K, capacity 38754K, committed 39040K, reserved 1083392K
  class space    used 4484K, capacity 4730K, committed 4736K, reserved 1048576K
GC Heap History (10 events):
Event: 5.107 GC heap before
{Heap before GC invocations=6 (full 1):
 PSYoungGen      total 106496K, used 106479K [0x000000076ab00000, 0x0000000774000000, 0x00000007c0000000)
  eden space 95744K, 100% used [0x000000076ab00000,0x0000000770880000,0x0000000770880000)
  from space 10752K, 99% used [0x0000000773580000,0x0000000773ffbc68,0x0000000774000000)
  to   space 10752K, 0% used [0x0000000772b00000,0x0000000772b00000,0x0000000773580000)
 ParOldGen       total 121344K, used 14780K [0x00000006c0000000, 0x00000006c7680000, 0x000000076ab00000)
  object space 121344K, 12% used [0x00000006c0000000,0x00000006c0e6f390,0x00000006c7680000)
 Metaspace       used 22703K, capacity 23158K, committed 23344K, reserved 1069056K
  class space    used 2692K, capacity 2893K, committed 2944K, reserved 1048576K
Event: 5.131 GC heap after
Heap after GC invocations=6 (full 1):
 PSYoungGen      total 141824K, used 10744K [0x000000076ab00000, 0x0000000776080000, 0x00000007c0000000)
  eden space 131072K, 0% used [0x000000076ab00000,0x000000076ab00000,0x0000000772b00000)
  from space 10752K, 99% used [0x0000000772b00000,0x000000077357e050,0x0000000773580000)
  to   space 19456K, 0% used [0x0000000774d80000,0x0000000774d80000,0x0000000776080000)
 ParOldGen       total 121344K, used 23682K [0x00000006c0000000, 0x00000006c7680000, 0x000000076ab00000)
  object space 121344K, 19% used [0x00000006c0000000,0x00000006c1720970,0x00000006c7680000)
 Metaspace       used 22703K, capacity 23158K, committed 23344K, reserved 1069056K
  class space    used 2692K, capacity 2893K, committed 2944K, reserved 1048576K
}
Event: 5.985 GC heap before
{Heap before GC invocations=7 (full 1):
 PSYoungGen      total 141824K, used 141816K [0x000000076ab00000, 0x0000000776080000, 0x00000007c0000000)
  eden space 131072K, 100% used [0x000000076ab00000,0x0000000772b00000,0x0000000772b00000)
  from space 10752K, 99% used [0x0000000772b00000,0x000000077357e050,0x0000000773580000)
  to   space 19456K, 0% used [0x0000000774d80000,0x0000000774d80000,0x0000000776080000)
 ParOldGen       total 121344K, used 23682K [0x00000006c0000000, 0x00000006c7680000, 0x000000076ab00000)
  object space 121344K, 19% used [0x00000006c0000000,0x00000006c1720970,0x00000006c7680000)
 Metaspace       used 22709K, capacity 23158K, committed 23344K, reserved 1069056K
  class space    used 2692K, capacity 2893K, committed 2944K, reserved 1048576K
Event: 6.023 GC heap after
Heap after GC invocations=7 (full 1):
 PSYoungGen      total 159744K, used 19451K [0x000000076ab00000, 0x000000077aa00000, 0x00000007c0000000)
  eden space 140288K, 0% used [0x000000076ab00000,0x000000076ab00000,0x0000000773400000)
  from space 19456K, 99% used [0x0000000774d80000,0x000000077607ec20,0x0000000776080000)
  to   space 26112K, 0% used [0x0000000773400000,0x0000000773400000,0x0000000774d80000)
 ParOldGen       total 121344K, used 30747K [0x00000006c0000000, 0x00000006c7680000, 0x000000076ab00000)
  object space 121344K, 25% used [0x00000006c0000000,0x00000006c1e06d70,0x00000006c7680000)
 Metaspace       used 22709K, capacity 23158K, committed 23344K, reserved 1069056K
  class space    used 2692K, capacity 2893K, committed 2944K, reserved 1048576K
}
Event: 7.618 GC heap before
{Heap before GC invocations=8 (full 1):
 PSYoungGen      total 159744K, used 159739K [0x000000076ab00000, 0x000000077aa00000, 0x00000007c0000000)
  eden space 140288K, 100% used [0x000000076ab00000,0x0000000773400000,0x0000000773400000)
  from space 19456K, 99% used [0x0000000774d80000,0x000000077607ec20,0x0000000776080000)
  to   space 26112K, 0% used [0x0000000773400000,0x0000000773400000,0x0000000774d80000)
 ParOldGen       total 121344K, used 30747K [0x00000006c0000000, 0x00000006c7680000, 0x000000076ab00000)
  object space 121344K, 25% used [0x00000006c0000000,0x00000006c1e06d70,0x00000006c7680000)
 Metaspace       used 30477K, capacity 31142K, committed 31360K, reserved 1077248K
  class space    used 3709K, capacity 3945K, committed 3968K, reserved 1048576K
Event: 7.657 GC heap after
Heap after GC invocations=8 (full 1):
 PSYoungGen      total 166400K, used 26094K [0x000000076ab00000, 0x000000077c100000, 0x00000007c0000000)
  eden space 140288K, 0% used [0x000000076ab00000,0x000000076ab00000,0x0000000773400000)
  from space 26112K, 99% used [0x0000000773400000,0x0000000774d7ba90,0x0000000774d80000)
  to   space 30720K, 0% used [0x000000077a300000,0x000000077a300000,0x000000077c100000)
 ParOldGen       total 121344K, used 32253K [0x00000006c0000000, 0x00000006c7680000, 0x000000076ab00000)
  object space 121344K, 26% used [0x00000006c0000000,0x00000006c1f7f790,0x00000006c7680000)
 Metaspace       used 30477K, capacity 31142K, committed 31360K, reserved 1077248K
  class space    used 3709K, capacity 3945K, committed 3968K, reserved 1048576K
}
Event: 15.594 GC heap before
{Heap before GC invocations=9 (full 1):
 PSYoungGen      total 166400K, used 77509K [0x000000076ab00000, 0x000000077c100000, 0x00000007c0000000)
  eden space 140288K, 36% used [0x000000076ab00000,0x000000076dd35a30,0x0000000773400000)
  from space 26112K, 99% used [0x0000000773400000,0x0000000774d7ba90,0x0000000774d80000)
  to   space 30720K, 0% used [0x000000077a300000,0x000000077a300000,0x000000077c100000)
 ParOldGen       total 121344K, used 32253K [0x00000006c0000000, 0x00000006c7680000, 0x000000076ab00000)
  object space 121344K, 26% used [0x00000006c0000000,0x00000006c1f7f790,0x00000006c7680000)
 Metaspace       used 34646K, capacity 35266K, committed 35456K, reserved 1081344K
  class space    used 4197K, capacity 4442K, committed 4480K, reserved 1048576K
Event: 15.624 GC heap after
Heap after GC invocations=9 (full 1):
 PSYoungGen      total 234496K, used 16703K [0x000000076ab00000, 0x000000077b600000, 0x00000007c0000000)
  eden space 215040K, 0% used [0x000000076ab00000,0x000000076ab00000,0x0000000777d00000)
  from space 19456K, 85% used [0x000000077a300000,0x000000077b34ff20,0x000000077b600000)
  to   space 29184K, 0% used [0x0000000777d00000,0x0000000777d00000,0x0000000779980000)
 ParOldGen       total 121344K, used 34222K [0x00000006c0000000, 0x00000006c7680000, 0x000000076ab00000)
  object space 121344K, 28% used [0x00000006c0000000,0x00000006c216b920,0x00000006c7680000)
 Metaspace       used 34646K, capacity 35266K, committed 35456K, reserved 1081344K
  class space    used 4197K, capacity 4442K, committed 4480K, reserved 1048576K
}
Event: 15.624 GC heap before
{Heap before GC invocations=10 (full 2):
 PSYoungGen      total 234496K, used 16703K [0x000000076ab00000, 0x000000077b600000, 0x00000007c0000000)
  eden space 215040K, 0% used [0x000000076ab00000,0x000000076ab00000,0x0000000777d00000)
  from space 19456K, 85% used [0x000000077a300000,0x000000077b34ff20,0x000000077b600000)
  to   space 29184K, 0% used [0x0000000777d00000,0x0000000777d00000,0x0000000779980000)
 ParOldGen       total 121344K, used 34222K [0x00000006c0000000, 0x00000006c7680000, 0x000000076ab00000)
  object space 121344K, 28% used [0x00000006c0000000,0x00000006c216b920,0x00000006c7680000)
 Metaspace       used 34646K, capacity 35266K, committed 35456K, reserved 1081344K
  class space    used 4197K, capacity 4442K, committed 4480K, reserved 1048576K
Event: 15.715 GC heap after
Heap after GC invocations=10 (full 2):
 PSYoungGen      total 234496K, used 0K [0x000000076ab00000, 0x000000077b600000, 0x00000007c0000000)
  eden space 215040K, 0% used [0x000000076ab00000,0x000000076ab00000,0x0000000777d00000)
  from space 19456K, 0% used [0x000000077a300000,0x000000077a300000,0x000000077b600000)
  to   space 29184K, 0% used [0x0000000777d00000,0x0000000777d00000,0x0000000779980000)
 ParOldGen       total 186880K, used 30495K [0x00000006c0000000, 0x00000006cb680000, 0x000000076ab00000)
  object space 186880K, 16% used [0x00000006c0000000,0x00000006c1dc7e50,0x00000006cb680000)
 Metaspace       used 34646K, capacity 35266K, committed 35456K, reserved 1081344K
  class space    used 4197K, capacity 4442K, committed 4480K, reserved 1048576K
}

