# JRE version: Java(TM) SE Runtime Environment (8.0_102-b14) (build 1.8.0_102-b14)
# Java VM: Java HotSpot(TM) 64-Bit Server VM (25.102-b14 mixed mode bsd-amd64 compressed oops)
Heap:
 PSYoungGen      total 272896K, used 133657K [0x000000076ab00000, 0x0000000781000000, 0x00000007c0000000)
  eden space 262144K, 46% used [0x000000076ab00000,0x000000077230bf00,0x000000077ab00000)
  from space 10752K, 99% used [0x000000077ab00000,0x000000077b57a838,0x000000077b580000)
  to   space 33792K, 0% used [0x000000077ef00000,0x000000077ef00000,0x0000000781000000)
 ParOldGen       total 117248K, used 46601K [0x00000006c0000000, 0x00000006c7280000, 0x000000076ab00000)
  object space 117248K, 39% used [0x00000006c0000000,0x00000006c2d82760,0x00000006c7280000)
 Metaspace       used 30250K, capacity 30960K, committed 31360K, reserved 1077248K
  class space    used 3641K, capacity 3888K, committed 3968K, reserved 1048576K
GC Heap History (10 events):
Event: 2.224 GC heap before
{Heap before GC invocations=2 (full 0):
 PSYoungGen      total 76288K, used 75045K [0x000000076ab00000, 0x0000000774000000, 0x00000007c0000000)
  eden space 65536K, 100% used [0x000000076ab00000,0x000000076eb00000,0x000000076eb00000)
  from space 10752K, 88% used [0x000000076eb00000,0x000000076f4497b0,0x000000076f580000)
  to   space 10752K, 0% used [0x0000000773580000,0x0000000773580000,0x0000000774000000)
 ParOldGen       total 175104K, used 16K [0x00000006c0000000, 0x00000006cab00000, 0x000000076ab00000)
  object space 175104K, 0% used [0x00000006c0000000,0x00000006c0004000,0x00000006cab00000)
 Metaspace       used 15500K, capacity 15786K, committed 16128K, reserved 1062912K
  class space    used 1888K, capacity 2011K, committed 2048K, reserved 1048576K
Event: 2.245 GC heap after
Heap after GC invocations=2 (full 0):
 PSYoungGen      total 141824K, used 9574K [0x000000076ab00000, 0x0000000774000000, 0x00000007c0000000)
  eden space 131072K, 0% used [0x000000076ab00000,0x000000076ab00000,0x0000000772b00000)
  from space 10752K, 89% used [0x0000000773580000,0x0000000773ed9a80,0x0000000774000000)
  to   space 10752K, 0% used [0x0000000772b00000,0x0000000772b00000,0x0000000773580000)
 ParOldGen       total 175104K, used 24K [0x00000006c0000000, 0x00000006cab00000, 0x000000076ab00000)
  object space 175104K, 0% used [0x00000006c0000000,0x00000006c0006000,0x00000006cab00000)
 Metaspace       used 15500K, capacity 15786K, committed 16128K, reserved 1062912K
  class space    used 1888K, capacity 2011K, committed 2048K, reserved 1048576K
}
Event: 3.137 GC heap before
{Heap before GC invocations=3 (full 0):
 PSYoungGen      total 141824K, used 73837K [0x000000076ab00000, 0x0000000774000000, 0x00000007c0000000)
  eden space 131072K, 49% used [0x000000076ab00000,0x000000076e9c1b98,0x0000000772b00000)
  from space 10752K, 89% used [0x0000000773580000,0x0000000773ed9a80,0x0000000774000000)
  to   space 10752K, 0% used [0x0000000772b00000,0x0000000772b00000,0x0000000773580000)
 ParOldGen       total 175104K, used 24K [0x00000006c0000000, 0x00000006cab00000, 0x000000076ab00000)
  object space 175104K, 0% used [0x00000006c0000000,0x00000006c0006000,0x00000006cab00000)
 Metaspace       used 20750K, capacity 21178K, committed 21296K, reserved 1069056K
  class space    used 2481K, capacity 2653K, committed 2688K, reserved 1048576K
Event: 3.155 GC heap after
Heap after GC invocations=3 (full 0):
 PSYoungGen      total 141824K, used 10734K [0x000000076ab00000, 0x000000077c000000, 0x00000007c0000000)
  eden space 131072K, 0% used [0x000000076ab00000,0x000000076ab00000,0x0000000772b00000)
  from space 10752K, 99% used [0x0000000772b00000,0x000000077357bae0,0x0000000773580000)
  to   space 10752K, 0% used [0x000000077b580000,0x000000077b580000,0x000000077c000000)
 ParOldGen       total 175104K, used 2183K [0x00000006c0000000, 0x00000006cab00000, 0x000000076ab00000)
  object space 175104K, 1% used [0x00000006c0000000,0x00000006c0221ee0,0x00000006cab00000)
 Metaspace       used 20750K, capacity 21178K, committed 21296K, reserved 1069056K
  class space    used 2481K, capacity 2653K, committed 2688K, reserved 1048576K
}
Event: 3.155 GC heap before
{Heap before GC invocations=4 (full 1):
 PSYoungGen      total 141824K, used 10734K [0x000000076ab00000, 0x000000077c000000, 0x00000007c0000000)
  eden space 131072K, 0% used [0x000000076ab00000,0x000000076ab00000,0x0000000772b00000)
  from space 10752K, 99% used [0x0000000772b00000,0x000000077357bae0,0x0000000773580000)
  to   space 10752K, 0% used [0x000000077b580000,0x000000077b580000,0x000000077c000000)
 ParOldGen       total 175104K, used 2183K [0x00000006c0000000, 0x00000006cab00000, 0x000000076ab00000)
  object space 175104K, 1% used [0x00000006c0000000,0x00000006c0221ee0,0x00000006cab00000)
 Metaspace       used 20750K, capacity 21178K, committed 21296K, reserved 1069056K
  class space    used 2481K, capacity 2653K, committed 2688K, reserved 1048576K
Event: 3.219 GC heap after
Heap after GC invocations=4 (full 1):
 PSYoungGen      total 141824K, used 0K [0x000000076ab00000, 0x000000077c000000, 0x00000007c0000000)
  eden space 131072K, 0% used [0x000000076ab00000,0x000000076ab00000,0x0000000772b00000)
  from space 10752K, 0% used [0x0000000772b00000,0x0000000772b00000,0x0000000773580000)
  to   space 10752K, 0% used [0x000000077b580000,0x000000077b580000,0x000000077c000000)
 ParOldGen       total 117248K, used 12735K [0x00000006c0000000, 0x00000006c7280000, 0x000000076ab00000)
  object space 117248K, 10% used [0x00000006c0000000,0x00000006c0c6ffc0,0x00000006c7280000)
 Metaspace       used 20750K, capacity 21178K, committed 21296K, reserved 1069056K
  class space    used 2481K, capacity 2653K, committed 2688K, reserved 1048576K
}
Event: 4.231 GC heap before
{Heap before GC invocations=5 (full 1):
 PSYoungGen      total 141824K, used 131072K [0x000000076ab00000, 0x000000077c000000, 0x00000007c0000000)
  eden space 131072K, 100% used [0x000000076ab00000,0x0000000772b00000,0x0000000772b00000)
  from space 10752K, 0% used [0x0000000772b00000,0x0000000772b00000,0x0000000773580000)
  to   space 10752K, 0% used [0x000000077b580000,0x000000077b580000,0x000000077c000000)
 ParOldGen       total 117248K, used 12735K [0x00000006c0000000, 0x00000006c7280000, 0x000000076ab00000)
  object space 117248K, 10% used [0x00000006c0000000,0x00000006c0c6ffc0,0x00000006c7280000)
 Metaspace       used 22727K, capacity 23244K, committed 23344K, reserved 1069056K
  class space    used 2687K, capacity 2859K, committed 2944K, reserved 1048576K
Event: 4.256 GC heap after
Heap after GC invocations=5 (full 1):
 PSYoungGen      total 203776K, used 10729K [0x000000076ab00000, 0x000000077c000000, 0x00000007c0000000)
  eden space 193024K, 0% used [0x000000076ab00000,0x000000076ab00000,0x0000000776780000)
  from space 10752K, 99% used [0x000000077b580000,0x000000077bffa7a8,0x000000077c000000)
  to   space 10752K, 0% used [0x000000077ab00000,0x000000077ab00000,0x000000077b580000)
 ParOldGen       total 117248K, used 22667K [0x00000006c0000000, 0x00000006c7280000, 0x000000076ab00000)
  object space 117248K, 19% used [0x00000006c0000000,0x00000006c1622ce0,0x00000006c7280000)
 Metaspace       used 22727K, capacity 23244K, committed 23344K, reserved 1069056K
  class space    used 2687K, capacity 2859K, committed 2944K, reserved 1048576K
}
Event: 5.107 GC heap before
{Heap before GC invocations=6 (full 1):
 PSYoungGen      total 203776K, used 203753K [0x000000076ab00000, 0x000000077c000000, 0x00000007c0000000)
  eden space 193024K, 100% used [0x000000076ab00000,0x0000000776780000,0x0000000776780000)
  from space 10752K, 99% used [0x000000077b580000,0x000000077bffa7a8,0x000000077c000000)
  to   space 10752K, 0% used [0x000000077ab00000,0x000000077ab00000,0x000000077b580000)
 ParOldGen       total 117248K, used 22667K [0x00000006c0000000, 0x00000006c7280000, 0x000000076ab00000)
  object space 117248K, 19% used [0x00000006c0000000,0x00000006c1622ce0,0x00000006c7280000)
 Metaspace       used 22753K, capacity 23278K, committed 23344K, reserved 1069056K
  class space    used 2690K, capacity 2893K, committed 2944K, reserved 1048576K
Event: 5.144 GC heap after
Heap after GC invocations=6 (full 1):
 PSYoungGen      total 272896K, used 10730K [0x000000076ab00000, 0x0000000781000000, 0x00000007c0000000)
  eden space 262144K, 0% used [0x000000076ab00000,0x000000076ab00000,0x000000077ab00000)
  from space 10752K, 99% used [0x000000077ab00000,0x000000077b57a838,0x000000077b580000)
  to   space 33792K, 0% used [0x000000077ef00000,0x000000077ef00000,0x0000000781000000)
 ParOldGen       total 117248K, used 46601K [0x00000006c0000000, 0x00000006c7280000, 0x000000076ab00000)
  object space 117248K, 39% used [0x00000006c0000000,0x00000006c2d82760,0x00000006c7280000)
 Metaspace       used 22753K, capacity 23278K, committed 23344K, reserved 1069056K
  class space    used 2690K, capacity 2893K, committed 2944K, reserved 1048576K
}

